{"level":"info","message":{"ip":"::1","method":"POST","url":"/api/notes/"},"timestamp":"2026-01-06 12:41:16"}
{"level":"error","message":"Cannot read properties of undefined (reading 'title')","method":"POST","path":"/api/notes/","stack":"TypeError: Cannot read properties of undefined (reading 'title')\n    at file:///D:/Dev/Nodejs/notes-backend/src/controllers/note.controller.js:19:22\n    at process.processTicksAndRejections (node:internal/process/task_queues:103:5)","statusCode":500,"timestamp":"2026-01-06 12:41:16"}
{"level":"info","message":{"ip":"::1","method":"POST","url":"/api/auth/login"},"timestamp":"2026-01-06 12:41:34"}
{"level":"info","message":{"ip":"::1","method":"POST","url":"/api/notes/"},"timestamp":"2026-01-06 12:41:55"}
{"level":"error","message":"Cannot read properties of undefined (reading 'title')","method":"POST","path":"/api/notes/","stack":"TypeError: Cannot read properties of undefined (reading 'title')\n    at file:///D:/Dev/Nodejs/notes-backend/src/controllers/note.controller.js:19:22\n    at process.processTicksAndRejections (node:internal/process/task_queues:103:5)","statusCode":500,"timestamp":"2026-01-06 12:41:55"}
{"level":"info","message":{"ip":"::1","method":"POST","url":"/api/notes/"},"timestamp":"2026-01-06 12:42:38"}
{"level":"error","message":"Cannot read properties of undefined (reading 'title')","method":"POST","path":"/api/notes/","stack":"TypeError: Cannot read properties of undefined (reading 'title')\n    at file:///D:/Dev/Nodejs/notes-backend/src/controllers/note.controller.js:19:22\n    at process.processTicksAndRejections (node:internal/process/task_queues:103:5)","statusCode":500,"timestamp":"2026-01-06 12:42:38"}
{"level":"info","message":{"ip":"::1","method":"POST","url":"/api/notes/"},"timestamp":"2026-01-06 12:43:16"}
{"level":"info","message":"Notes craeted","timestamp":"2026-01-06 12:43:16","userId":1}
{"level":"info","message":{"ip":"::1","method":"POST","url":"/api/notes/"},"timestamp":"2026-01-06 12:45:48"}
{"level":"info","message":"Notes created","timestamp":"2026-01-06 12:45:48","userId":2}
{"level":"info","message":{"ip":"::1","method":"POST","url":"/api/notes/"},"timestamp":"2026-01-06 12:47:20"}
{"level":"info","message":"Notes created","timestamp":"2026-01-06 12:47:20","title":"Cpp","userId":2}
{"level":"info","message":{"ip":"::1","method":"POST","url":"/api/notes/"},"timestamp":"2026-01-06 12:49:46"}
{"level":"info","message":"Notes created","timestamp":"2026-01-06 12:49:46","title":"Cpp","userId":2}
{"level":"info","message":{"ip":"::1","method":"POST","url":"/api/notes/"},"timestamp":"2026-01-06 12:50:13"}
{"level":"error","message":"Cannot read properties of undefined (reading 'noteId')","method":"POST","path":"/api/notes/","stack":"TypeError: Cannot read properties of undefined (reading 'noteId')\n    at file:///D:/Dev/Nodejs/notes-backend/src/controllers/note.controller.js:18:22\n    at process.processTicksAndRejections (node:internal/process/task_queues:103:5)","statusCode":500,"timestamp":"2026-01-06 12:50:13"}
{"level":"info","message":{"ip":"::1","method":"POST","url":"/api/notes/"},"timestamp":"2026-01-06 12:50:52"}
{"level":"info","message":"Notes created","timestamp":"2026-01-06 12:50:52","title":"Cpp","userId":2}
{"level":"info","message":{"ip":"::1","method":"POST","url":"/api/auth/login"},"timestamp":"2026-01-06 12:52:33"}
{"level":"error","message":"Invalid credentials","method":"POST","path":"/api/auth/login","stack":"Error: Invalid credentials\n    at loginUser (file:///D:/Dev/Nodejs/notes-backend/src/services/auth.service.js:31:11)\n    at process.processTicksAndRejections (node:internal/process/task_queues:103:5)\n    at async file:///D:/Dev/Nodejs/notes-backend/src/controllers/auth.controller.js:25:18","statusCode":401,"timestamp":"2026-01-06 12:52:33"}
{"level":"info","message":{"ip":"::1","method":"POST","url":"/api/auth/login"},"timestamp":"2026-01-06 12:52:45"}
{"level":"error","message":"Invalid credentials","method":"POST","path":"/api/auth/login","stack":"Error: Invalid credentials\n    at loginUser (file:///D:/Dev/Nodejs/notes-backend/src/services/auth.service.js:31:11)\n    at process.processTicksAndRejections (node:internal/process/task_queues:103:5)\n    at async file:///D:/Dev/Nodejs/notes-backend/src/controllers/auth.controller.js:25:18","statusCode":401,"timestamp":"2026-01-06 12:52:45"}
{"level":"info","message":{"ip":"::1","method":"POST","url":"/api/auth/login"},"timestamp":"2026-01-06 12:53:15"}
{"level":"error","message":"Invalid credentials","method":"POST","path":"/api/auth/login","stack":"Error: Invalid credentials\n    at loginUser (file:///D:/Dev/Nodejs/notes-backend/src/services/auth.service.js:31:11)\n    at process.processTicksAndRejections (node:internal/process/task_queues:103:5)\n    at async file:///D:/Dev/Nodejs/notes-backend/src/controllers/auth.controller.js:25:18","statusCode":401,"timestamp":"2026-01-06 12:53:15"}
{"level":"info","message":{"ip":"::1","method":"GET","url":"/api/auth/register"},"timestamp":"2026-01-06 12:54:07"}
{"level":"info","message":{"ip":"::1","method":"GET","url":"/api/auth/register"},"timestamp":"2026-01-06 12:54:38"}
{"level":"info","message":{"ip":"::1","method":"GET","url":"/api/auth/register"},"timestamp":"2026-01-06 12:55:04"}
{"level":"info","message":{"ip":"::1","method":"POST","url":"/api/auth/register"},"timestamp":"2026-01-06 12:55:12"}
{"level":"info","message":"user register","timestamp":"2026-01-06 12:55:12","username":"neha07"}
{"level":"info","message":{"ip":"::1","method":"POST","url":"/api/auth/login"},"timestamp":"2026-01-06 12:56:07"}
{"level":"info","message":"user loggin","timestamp":"2026-01-06 12:56:07","username":"neha07"}
{"level":"info","message":{"ip":"::1","method":"POST","url":"/api/auth/login"},"timestamp":"2026-01-06 12:56:41"}
{"level":"info","message":"user loggin","timestamp":"2026-01-06 12:56:41","username":"neha07"}
{"level":"info","message":{"ip":"::1","method":"POST","url":"/api/auth/login"},"timestamp":"2026-01-06 12:57:23"}
{"level":"info","message":"user loggin","timestamp":"2026-01-06 12:57:23"}
{"level":"info","message":{"ip":"::1","method":"POST","url":"/api/auth/login"},"timestamp":"2026-01-06 12:57:46"}
{"level":"info","message":"user loggin","timestamp":"2026-01-06 12:57:46","username":"tej"}
